#
# There is insufficient memory for the Java Runtime Environment to continue.
# Native memory allocation (mmap) failed to map 134217728 bytes for G1 virtual space
# Possible reasons:
#   The system is out of physical RAM or swap space
#   The process is running with CompressedOops enabled, and the Java Heap may be blocking the growth of the native heap
# Possible solutions:
#   Reduce memory load on the system
#   Increase physical memory or swap space
#   Check if swap backing store is full
#   Decrease Java heap size (-Xmx/-Xms)
#   Decrease number of Java threads
#   Decrease Java thread stack sizes (-Xss)
#   Set larger code cache with -XX:ReservedCodeCacheSize=
#   JVM is running with Unscaled Compressed Oops mode in which the Java heap is
#     placed in the first 4GB address space. The Java Heap base address is the
#     maximum limit for the native heap growth. Please use -XX:HeapBaseMinAddress
#     to set the Java Heap base and to place the Java Heap above 4GB virtual address.
# This output file may be truncated or incomplete.
#
#  Out of Memory Error (os_windows.cpp:3469), pid=18636, tid=19672
#
# JRE version:  (17.0.1+12) (build )
# Java VM: Java HotSpot(TM) 64-Bit Server VM (17.0.1+12-LTS-39, mixed mode, sharing, tiered, compressed oops, compressed class ptrs, g1 gc, windows-amd64)
# No core dump will be written. Minidumps are not enabled by default on client versions of Windows
#

---------------  S U M M A R Y ------------

Command Line: -Dfile.encoding=Cp1252 -XX:+ShowCodeDetailsInExceptionMessages ar.edu.unq.po2.tp3.TiposPrimitivos

Host: Intel(R) Core(TM) i5-7Y54 CPU @ 1.20GHz, 4 cores, 7G,  Windows 10 , 64 bit Build 19041 (10.0.19041.1706)
Time: Mon May 16 12:53:18 2022 Hora estándar de Argentina elapsed time: 0.022528 seconds (0d 0h 0m 0s)

---------------  T H R E A D  ---------------

Current thread (0x000001e328518520):  JavaThread "Unknown thread" [_thread_in_vm, id=19672, stack(0x00000052d9d00000,0x00000052d9e00000)]

Stack: [0x00000052d9d00000,0x00000052d9e00000]
Native frames: (J=compiled Java code, j=interpreted, Vv=VM code, C=native code)
V  [jvm.dll+0x66fa1a]
V  [jvm.dll+0x7ce5a4]
V  [jvm.dll+0x7cfd4e]
V  [jvm.dll+0x7d03b3]
V  [jvm.dll+0x242b05]
V  [jvm.dll+0x66ca39]
V  [jvm.dll+0x661502]
V  [jvm.dll+0x30081b]
V  [jvm.dll+0x307da6]
V  [jvm.dll+0x357a1e]
V  [jvm.dll+0x357c4f]
V  [jvm.dll+0x2d7ad8]
V  [jvm.dll+0x2d8a44]
V  [jvm.dll+0x7a01e1]
V  [jvm.dll+0x365791]
V  [jvm.dll+0x77f6cc]
V  [jvm.dll+0x3e812f]
V  [jvm.dll+0x3e9bd1]
C  [jli.dll+0x527b]
C  [ucrtbase.dll+0x21bb2]
C  [KERNEL32.DLL+0x17034]
C  [ntdll.dll+0x52651]


---------------  P R O C E S S  ---------------

Threads class SMR info:
_java_thread_list=0x00007ffe11e77818, length=0, elements={
}

Java Threads: ( => current thread )

Other Threads:
  0x000001e328555000 GCTaskThread "GC Thread#0" [stack: 0x00000052d9e00000,0x00000052d9f00000] [id=9732]
  0x000001e328566ca0 ConcurrentGCThread "G1 Main Marker" [stack: 0x00000052d9f00000,0x00000052da000000] [id=16084]
  0x000001e328568e60 ConcurrentGCThread "G1 Conc#0" [stack: 0x00000052da000000,0x00000052da100000] [id=16264]

[error occurred during error reporting (printing all threads), id 0xc0000005, EXCEPTION_ACCESS_VIOLATION (0xc0000005) at pc=0x00007ffe116c84b7]

VM state: not at safepoint (not fully initialized)

VM Mutex/Monitor currently owned by a thread:  ([mutex/lock_event])
[0x000001e3285134f0] Heap_lock - owner thread: 0x000001e328518520

Heap address: 0x0000000081c00000, size: 2020 MB, Compressed Oops mode: 32-bit

CDS archive(s) mapped at: [0x0000000000000000-0x0000000000000000-0x0000000000000000), size 0, SharedBaseAddress: 0x0000000800000000, ArchiveRelocationMode: 0.
Narrow klass base: 0x0000000000000000, Narrow klass shift: 0, Narrow klass range: 0x0

GC Precious Log:
<Empty>

Heap:
 garbage-first heap   total 0K, used 0K [0x0000000081c00000, 0x0000000100000000)
  region size 1024K, 0 young (0K), 0 survivors (0K)

[error occurred during error reporting (printing heap information), id 0xc0000005, EXCEPTION_ACCESS_VIOLATION (0xc0000005) at pc=0x00007ffe11aa8d89]

GC Heap History (0 events):
No events

Deoptimization events (0 events):
No events

Classes unloaded (0 events):
No events

Classes redefined (0 events):
No events

Internal exceptions (0 events):
No events

VM Operations (0 events):
No events

Events (1 events):
Event: 0.011 Loaded shared library C:\Program Files\Java\jdk-17.0.1\bin\java.dll


Dynamic libraries:
0x00007ff688910000 - 0x00007ff688920000 	C:\Program Files\Java\jdk-17.0.1\bin\javaw.exe
0x00007ffea8c90000 - 0x00007ffea8e85000 	C:\WINDOWS\SYSTEM32\ntdll.dll
0x00007ffe76110000 - 0x00007ffe76126000 	C:\Program Files (x86)\AVG\Antivirus\aswhook.dll
0x00007ffea6f40000 - 0x00007ffea6ffd000 	C:\WINDOWS\System32\KERNEL32.DLL
0x00007ffea6a10000 - 0x00007ffea6cdd000 	C:\WINDOWS\System32\KERNELBASE.dll
0x00007ffea63a0000 - 0x00007ffea64a0000 	C:\WINDOWS\System32\ucrtbase.dll
0x00007ffea0f80000 - 0x00007ffea0f98000 	C:\Program Files\Java\jdk-17.0.1\bin\jli.dll
0x00007ffea17f0000 - 0x00007ffea180a000 	C:\Program Files\Java\jdk-17.0.1\bin\VCRUNTIME140.dll
0x00007ffea8450000 - 0x00007ffea84fe000 	C:\WINDOWS\System32\ADVAPI32.dll
0x00007ffea7b40000 - 0x00007ffea7bde000 	C:\WINDOWS\System32\msvcrt.dll
0x00007ffea6ce0000 - 0x00007ffea6d7c000 	C:\WINDOWS\System32\sechost.dll
0x00007ffea7f40000 - 0x00007ffea8065000 	C:\WINDOWS\System32\RPCRT4.dll
0x00007ffea71e0000 - 0x00007ffea7380000 	C:\WINDOWS\System32\USER32.dll
0x00007ffea65a0000 - 0x00007ffea65c2000 	C:\WINDOWS\System32\win32u.dll
0x00007ffe8c780000 - 0x00007ffe8ca1a000 	C:\WINDOWS\WinSxS\amd64_microsoft.windows.common-controls_6595b64144ccf1df_6.0.19041.1110_none_60b5254171f9507e\COMCTL32.dll
0x00007ffea7aa0000 - 0x00007ffea7aca000 	C:\WINDOWS\System32\GDI32.dll
0x00007ffea68d0000 - 0x00007ffea69db000 	C:\WINDOWS\System32\gdi32full.dll
0x00007ffea6830000 - 0x00007ffea68cd000 	C:\WINDOWS\System32\msvcp_win.dll
0x00007ffe9d790000 - 0x00007ffe9d79a000 	C:\WINDOWS\SYSTEM32\VERSION.dll
0x00007ffea6f10000 - 0x00007ffea6f40000 	C:\WINDOWS\System32\IMM32.DLL
0x00007ffea0f70000 - 0x00007ffea0f7c000 	C:\Program Files\Java\jdk-17.0.1\bin\vcruntime140_1.dll
0x00007ffe6d440000 - 0x00007ffe6d4cd000 	C:\Program Files\Java\jdk-17.0.1\bin\msvcp140.dll
0x00007ffe113e0000 - 0x00007ffe11f9e000 	C:\Program Files\Java\jdk-17.0.1\bin\server\jvm.dll
0x00007ffea74b0000 - 0x00007ffea74b8000 	C:\WINDOWS\System32\PSAPI.DLL
0x00007ffe8dea0000 - 0x00007ffe8dec7000 	C:\WINDOWS\SYSTEM32\WINMM.dll
0x00007ffe94140000 - 0x00007ffe94149000 	C:\WINDOWS\SYSTEM32\WSOCK32.dll
0x00007ffea7ad0000 - 0x00007ffea7b3b000 	C:\WINDOWS\System32\WS2_32.dll
0x00007ffea4c30000 - 0x00007ffea4c42000 	C:\WINDOWS\SYSTEM32\kernel.appcore.dll
0x00007ffea35d0000 - 0x00007ffea35da000 	C:\Program Files\Java\jdk-17.0.1\bin\jimage.dll
0x00007ffea48f0000 - 0x00007ffea4ad4000 	C:\WINDOWS\SYSTEM32\DBGHELP.DLL
0x00007ffe9c530000 - 0x00007ffe9c55c000 	C:\WINDOWS\SYSTEM32\dbgcore.DLL
0x00007ffea65d0000 - 0x00007ffea6652000 	C:\WINDOWS\System32\bcryptPrimitives.dll
0x00007ffe8adb0000 - 0x00007ffe8add5000 	C:\Program Files\Java\jdk-17.0.1\bin\java.dll

dbghelp: loaded successfully - version: 4.0.5 - missing functions: none
symbol engine: initialized successfully - sym options: 0x614 - pdb path: .;C:\Program Files\Java\jdk-17.0.1\bin;C:\WINDOWS\SYSTEM32;C:\Program Files (x86)\AVG\Antivirus;C:\WINDOWS\WinSxS\amd64_microsoft.windows.common-controls_6595b64144ccf1df_6.0.19041.1110_none_60b5254171f9507e;C:\Program Files\Java\jdk-17.0.1\bin\server

VM Arguments:
jvm_args: -Dfile.encoding=Cp1252 -XX:+ShowCodeDetailsInExceptionMessages 
java_command: ar.edu.unq.po2.tp3.TiposPrimitivos
java_class_path (initial): C:\Users\Walter\git\unqui-po2-Laborde\bin;C:\Users\Walter\.p2\pool\plugins\org.junit.jupiter.api_5.8.1.v20211018-1956.jar;C:\Users\Walter\.p2\pool\plugins\org.junit.jupiter.engine_5.8.1.v20211018-1956.jar;C:\Users\Walter\.p2\pool\plugins\org.junit.jupiter.migrationsupport_5.8.1.v20211018-1956.jar;C:\Users\Walter\.p2\pool\plugins\org.junit.jupiter.params_5.8.1.v20211018-1956.jar;C:\Users\Walter\.p2\pool\plugins\org.junit.platform.commons_1.8.1.v20211018-1956.jar;C:\Users\Walter\.p2\pool\plugins\org.junit.platform.engine_1.8.1.v20211018-1956.jar;C:\Users\Walter\.p2\pool\plugins\org.junit.platform.launcher_1.8.1.v20211018-1956.jar;C:\Users\Walter\.p2\pool\plugins\org.junit.platform.runner_1.8.1.v20211018-1956.jar;C:\Users\Walter\.p2\pool\plugins\org.junit.platform.suite.api_1.8.1.v20211018-1956.jar;C:\Users\Walter\.p2\pool\plugins\org.junit.platform.suite.engine_1.8.1.v20211028-1957.jar;C:\Users\Walter\.p2\pool\plugins\org.junit.platform.suite.commons_1.8.1.v20211018-1956.jar;C:\Users\Walter\.p2\pool\plugins\org.junit.vintage.engine_5.8.1.v20211018-1956.jar;C:\Users\Walter\.p2\pool\plugins\org.opentest4j_1.2.0.v20211018-1956.jar;C:\Users\Walter\.p2\pool\plugins\org.apiguardian_1.1.2.v20211018-1956.jar;C:\Users\Walter\.p2\pool\plugins\org.junit_4.13.2.v20211018-1956.jar;C:\Users\Walter\.p2\pool\plugins\org.hamcrest.core_1.3.0.v20180420-1519.jar
Launcher Type: SUN_STANDARD

[Global flags]
     intx CICompilerCount                          = 3                                         {product} {ergonomic}
     uint ConcGCThreads                            = 1                                         {product} {ergonomic}
     uint G1ConcRefinementThreads                  = 4                                         {product} {ergonomic}
   size_t G1HeapRegionSize                         = 1048576                                   {product} {ergonomic}
    uintx GCDrainStackTargetSize                   = 64                                        {product} {ergonomic}
   size_t InitialHeapSize                          = 134217728                                 {product} {ergonomic}
   size_t MarkStackSize                            = 4194304                                   {product} {ergonomic}
   size_t MaxHeapSize                              = 2118123520                                {product} {ergonomic}
   size_t MinHeapDeltaBytes                        = 1048576                                   {product} {ergonomic}
   size_t MinHeapSize                              = 8388608                                   {product} {ergonomic}
    uintx NonNMethodCodeHeapSize                   = 5832780                                {pd product} {ergonomic}
    uintx NonProfiledCodeHeapSize                  = 122912730                              {pd product} {ergonomic}
    uintx ProfiledCodeHeapSize                     = 122912730                              {pd product} {ergonomic}
    uintx ReservedCodeCacheSize                    = 251658240                              {pd product} {ergonomic}
     bool SegmentedCodeCache                       = true                                      {product} {ergonomic}
     bool ShowCodeDetailsInExceptionMessages       = true                                   {manageable} {command line}
   size_t SoftMaxHeapSize                          = 2118123520                             {manageable} {ergonomic}
     bool UseCompressedClassPointers               = true                           {product lp64_product} {ergonomic}
     bool UseCompressedOops                        = true                           {product lp64_product} {ergonomic}
     bool UseG1GC                                  = true                                      {product} {ergonomic}
     bool UseLargePagesIndividualAllocation        = false                                  {pd product} {ergonomic}

Logging:
Log output configuration:
 #0: stdout all=warning uptime,level,tags
 #1: stderr all=off uptime,level,tags

Environment Variables:
PATH=C:/Program Files/Java/jdk-17.0.1/bin/server;C:/Program Files/Java/jdk-17.0.1/bin;C:\Program Files\Eclipse Adoptium\jdk-8.0.322.6-hotspot\bin;C:\Program Files\Common Files\Oracle\Java\javapath;C:\Program Files (x86)\Intel\iCLS Client\;C:\Program Files\Intel\iCLS Client\;C:\WINDOWS\system32;C:\WINDOWS;C:\WINDOWS\System32\Wbem;C:\WINDOWS\System32\WindowsPowerShell\v1.0\;C:\Program Files (x86)\Intel\Intel(R) Management Engine Components\DAL;C:\Program Files\Intel\Intel(R) Management Engine Components\DAL;C:\Program Files (x86)\Intel\Intel(R) Management Engine Components\IPT;C:\Program Files\Intel\Intel(R) Management Engine Components\IPT;C:\Program Files\Microsoft SQL Server\120\Tools\Binn\;C:\WINDOWS\System32\OpenSSH\;C:\Program Files\Intel\WiFi\bin\;C:\Program Files\Common Files\Intel\WirelessCommon\;C:\Program Files\nodejs\;C:\Program Files\Git\cmd;C:\Users\Walter\AppData\Local\Microsoft\WindowsApps;C:\Users\Walter\AppData\Roaming\npm;C:\Users\Walter\AppData\Local\Programs\Microsoft VS Code\bin;C:\Program Files\JetBrains\PyCharm Community Edition 2019.3.2\bin;;C:\Program Files\Java\jdk-17.0.1\bin;;C:\Users\Walter\Desktop;
USERNAME=Walter
OS=Windows_NT
PROCESSOR_IDENTIFIER=Intel64 Family 6 Model 142 Stepping 9, GenuineIntel



---------------  S Y S T E M  ---------------

OS:
 Windows 10 , 64 bit Build 19041 (10.0.19041.1706)
OS uptime: 2 days 22:10 hours

CPU: total 4 (initial active 4) (2 cores per cpu, 2 threads per core) family 6 model 142 stepping 9 microcode 0xb4, cx8, cmov, fxsr, ht, mmx, 3dnowpref, sse, sse2, sse3, ssse3, sse4.1, sse4.2, popcnt, lzcnt, tsc, tscinvbit, avx, avx2, aes, erms, clmul, bmi1, bmi2, adx, fma, vzeroupper, clflush, clflushopt

Memory: 4k page, system-wide physical 8077M (1045M free)
TotalPageFile size 32653M (AvailPageFile size 82M)
current process WorkingSet (physical memory assigned to process): 10M, peak: 10M
current process commit charge ("private bytes"): 51M, peak: 179M

vm_info: Java HotSpot(TM) 64-Bit Server VM (17.0.1+12-LTS-39) for windows-amd64 JRE (17.0.1+12-LTS-39), built on Sep 27 2021 18:41:35 by "mach5one" with MS VC++ 16.8 (VS2019)

END.
